<?xml version="1.0" encoding="UTF-8"?>
<testsuite name="CustomerTest" tests="1" skipped="0" failures="0" errors="0" timestamp="2022-03-01T22:41:00" hostname="ijun-uui-Macmini.local" time="0.031">
  <properties/>
  <testcase name="영화 신규 대여" classname="CustomerTest" time="0.031"/>
  <system-out><![CDATA[]]></system-out>
  <system-err><![CDATA[]]></system-err>
</testsuite>
